Log file open, 04/27/19 13:13:12
LogWindows: Failed to load 'aqProf.dll' (GetLastError=126)
LogWindows: File 'aqProf.dll' does not exist
LogWindows: Failed to load 'VtuneApi.dll' (GetLastError=126)
LogWindows: File 'VtuneApi.dll' does not exist
LogWindows: Failed to load 'VtuneApi32e.dll' (GetLastError=126)
LogWindows: File 'VtuneApi32e.dll' does not exist
LogInit: Display: Running engine for game: BloodGame
LogPlatformFile: Not using cached read wrapper
LogInit: Display: RandInit(1042173452) SRandInit(1042173452).
LogInit: Read version file with build ID '3944462'
LogInit: Overriding engine version to CL 4033788, compatible CL 3944462
LogInit: Registered custom module enumerator with build ID '3944462'
LogTaskGraph: Started task graph with 5 named threads and 47 total threads with 3 sets of task threads.
LogStats: Stats thread started at 0.530228
LogD3D11RHI: Aftermath initialized
LogICUInternationalization: Display: ICU TimeZone Detection - Raw Offset: +0:00, Platform Override: ''
LogPluginManager: Mounting plugin Paper2D
LogPluginManager: Mounting plugin LiveLink
LogPluginManager: Mounting plugin LightPropagationVolume
LogPluginManager: Mounting plugin CLionSourceCodeAccess
LogPluginManager: Mounting plugin CodeLiteSourceCodeAccess
LogPluginManager: Mounting plugin GitSourceControl
LogPluginManager: Mounting plugin KDevelopSourceCodeAccess
LogPluginManager: Mounting plugin NullSourceCodeAccess
LogPluginManager: Mounting plugin PerforceSourceControl
LogPluginManager: Mounting plugin SubversionSourceControl
LogPluginManager: Mounting plugin UObjectPlugin
LogPluginManager: Mounting plugin VisualStudioCodeSourceCodeAccess
LogPluginManager: Mounting plugin VisualStudioSourceCodeAccess
LogPluginManager: Mounting plugin XCodeSourceCodeAccess
LogPluginManager: Mounting plugin AssetManagerEditor
LogPluginManager: Mounting plugin CryptoKeys
LogPluginManager: Mounting plugin DataValidation
LogPluginManager: Mounting plugin FacialAnimation
LogPluginManager: Mounting plugin GameplayTagsEditor
LogPluginManager: Mounting plugin MobileLauncherProfileWizard
LogPluginManager: Mounting plugin PluginBrowser
LogPluginManager: Mounting plugin SpeedTreeImporter
LogPluginManager: Mounting plugin DatasmithContent
LogPluginManager: Mounting plugin AlembicImporter
LogPluginManager: Mounting plugin CharacterAI
LogPluginManager: Mounting plugin HTML5Networking
LogPluginManager: Mounting plugin AndroidMedia
LogPluginManager: Mounting plugin AvfMedia
LogPluginManager: Mounting plugin ImgMedia
LogPluginManager: Mounting plugin LinearTimecode
LogPluginManager: Mounting plugin MediaCompositing
LogPluginManager: Mounting plugin MediaPlayerEditor
LogPluginManager: Mounting plugin WmfMedia
LogPluginManager: Mounting plugin TcpMessaging
LogPluginManager: Mounting plugin UdpMessaging
LogPluginManager: Mounting plugin ActorSequence
LogPluginManager: Mounting plugin LevelSequenceEditor
LogPluginManager: Mounting plugin MatineeToLevelSequence
LogPluginManager: Mounting plugin NetcodeUnitTest
LogPluginManager: Mounting plugin NUTUnrealEngine4
LogPluginManager: Mounting plugin OnlineSubsystemGooglePlay
LogPluginManager: Mounting plugin OnlineSubsystemIOS
LogPluginManager: Mounting plugin OnlineSubsystem
LogPluginManager: Mounting plugin OnlineSubsystemNull
LogPluginManager: Mounting plugin OnlineSubsystemUtils
LogPluginManager: Mounting plugin AndroidDeviceProfileSelector
LogPluginManager: Mounting plugin AndroidMoviePlayer
LogPluginManager: Mounting plugin AndroidPermission
LogPluginManager: Mounting plugin AppleARKit
LogPluginManager: Mounting plugin AppleMoviePlayer
LogPluginManager: Mounting plugin ArchVisCharacter
LogPluginManager: Mounting plugin AudioCapture
LogPluginManager: Mounting plugin CableComponent
LogPluginManager: Mounting plugin CustomMeshComponent
LogPluginManager: Mounting plugin ExampleDeviceProfileSelector
LogPluginManager: Mounting plugin GoogleCloudMessaging
LogPluginManager: Mounting plugin ImmediatePhysics
LogPluginManager: Mounting plugin IOSDeviceProfileSelector
LogPluginManager: Mounting plugin LinuxDeviceProfileSelector
LogPluginManager: Mounting plugin LocationServicesBPLibrary
LogPluginManager: Mounting plugin MobilePatchingUtils
LogPluginManager: Mounting plugin OculusVR
LogPluginManager: Plugin shader directory ../../../Engine/Plugins/Runtime/Oculus/OculusVR/Shaders found
LogPluginManager: Mapping shader source directory ../../../Engine/Plugins/Runtime/Oculus/OculusVR/Shaders to virtual directory /Plugin/OculusVR
LogPluginManager: Mounting plugin PhysXVehicles
LogPluginManager: Mounting plugin ProceduralMeshComponent
LogPluginManager: Mounting plugin RuntimePhysXCooking
LogPluginManager: Mounting plugin SteamVR
LogPluginManager: Mounting plugin WindowsMoviePlayer
LogStreaming: Display: Took  0.261s to configure plugins.
LogModuleManager: Display: Found up-to-date module file ../../../../../University/Year 2/BA2b/Repository/Team9/Binaries/Win64/UE4Editor-BloodGame.dll (API version 3944462).
LogModuleManager: Display: Found up-to-date module file ../../../Engine/Plugins/2D/Paper2D/Binaries/Win64/UE4Editor-Paper2D.dll (API version 3944462).
LogModuleManager: Display: Found up-to-date module file ../../../Engine/Plugins/2D/Paper2D/Binaries/Win64/UE4Editor-Paper2DEditor.dll (API version 3944462).
LogModuleManager: Display: Found up-to-date module file ../../../Engine/Plugins/2D/Paper2D/Binaries/Win64/UE4Editor-PaperSpriteSheetImporter.dll (API version 3944462).
LogModuleManager: Display: Found up-to-date module file ../../../Engine/Plugins/2D/Paper2D/Binaries/Win64/UE4Editor-PaperTiledImporter.dll (API version 3944462).
LogModuleManager: Display: Found up-to-date module file ../../../Engine/Plugins/2D/Paper2D/Binaries/Win64/UE4Editor-SmartSnapping.dll (API version 3944462).
LogModuleManager: Display: Found up-to-date module file ../../../Engine/Plugins/Animation/LiveLink/Binaries/Win64/UE4Editor-LiveLink.dll (API version 3944462).
LogModuleManager: Display: Found up-to-date module file ../../../Engine/Plugins/Animation/LiveLink/Binaries/Win64/UE4Editor-LiveLinkEditor.dll (API version 3944462).
LogModuleManager: Display: Found up-to-date module file ../../../Engine/Plugins/Blendables/LightPropagationVolume/Binaries/Win64/UE4Editor-LightPropagationVolumeRuntime.dll (API version 3944462).
LogModuleManager: Display: Found up-to-date module file ../../../Engine/Plugins/Blendables/LightPropagationVolume/Binaries/Win64/UE4Editor-LightPropagationVolumeEditor.dll (API version 3944462).
LogModuleManager: Display: Found up-to-date module file ../../../Engine/Plugins/Developer/CLionSourceCodeAccess/Binaries/Win64/UE4Editor-CLionSourceCodeAccess.dll (API version 3944462).
LogModuleManager: Display: Found up-to-date module file ../../../Engine/Plugins/Developer/GitSourceControl/Binaries/Win64/UE4Editor-GitSourceControl.dll (API version 3944462).
LogModuleManager: Display: Found up-to-date module file ../../../Engine/Plugins/Developer/PerforceSourceControl/Binaries/Win64/UE4Editor-PerforceSourceControl.dll (API version 3944462).
LogModuleManager: Display: Found up-to-date module file ../../../Engine/Plugins/Developer/SubversionSourceControl/Binaries/Win64/UE4Editor-SubversionSourceControl.dll (API version 3944462).
LogModuleManager: Display: Found up-to-date module file ../../../Engine/Plugins/Developer/UObjectPlugin/Binaries/Win64/UE4Editor-UObjectPlugin.dll (API version 3944462).
LogModuleManager: Display: Found up-to-date module file ../../../Engine/Plugins/Developer/VisualStudioCodeSourceCodeAccess/Binaries/Win64/UE4Editor-VisualStudioCodeSourceCodeAccess.dll (API version 3944462).
LogModuleManager: Display: Found up-to-date module file ../../../Engine/Plugins/Developer/VisualStudioSourceCodeAccess/Binaries/Win64/UE4Editor-VisualStudioSourceCodeAccess.dll (API version 3944462).
LogModuleManager: Display: Found up-to-date module file ../../../Engine/Plugins/Editor/AssetManagerEditor/Binaries/Win64/UE4Editor-AssetManagerEditor.dll (API version 3944462).
LogModuleManager: Display: Found up-to-date module file ../../../Engine/Plugins/Editor/CryptoKeys/Binaries/Win64/UE4Editor-CryptoKeys.dll (API version 3944462).
LogModuleManager: Display: Found up-to-date module file ../../../Engine/Plugins/Editor/CryptoKeys/Binaries/Win64/UE4Editor-CryptoKeysOpenSSL.dll (API version 3944462).
LogModuleManager: Display: Found up-to-date module file ../../../Engine/Plugins/Editor/DataValidation/Binaries/Win64/UE4Editor-DataValidation.dll (API version 3944462).
LogModuleManager: Display: Found up-to-date module file ../../../Engine/Plugins/Editor/FacialAnimation/Binaries/Win64/UE4Editor-FacialAnimation.dll (API version 3944462).
LogModuleManager: Display: Found up-to-date module file ../../../Engine/Plugins/Editor/FacialAnimation/Binaries/Win64/UE4Editor-FacialAnimationEditor.dll (API version 3944462).
LogModuleManager: Display: Found up-to-date module file ../../../Engine/Plugins/Editor/GameplayTagsEditor/Binaries/Win64/UE4Editor-GameplayTagsEditor.dll (API version 3944462).
LogModuleManager: Display: Found up-to-date module file ../../../Engine/Plugins/Editor/MobileLauncherProfileWizard/Binaries/Win64/UE4Editor-MobileLauncherProfileWizard.dll (API version 3944462).
LogModuleManager: Display: Found up-to-date module file ../../../Engine/Plugins/Editor/PluginBrowser/Binaries/Win64/UE4Editor-PluginBrowser.dll (API version 3944462).
LogModuleManager: Display: Found up-to-date module file ../../../Engine/Plugins/Editor/SpeedTreeImporter/Binaries/Win64/UE4Editor-SpeedTreeImporter.dll (API version 3944462).
LogModuleManager: Display: Found up-to-date module file ../../../Engine/Plugins/Enterprise/DatasmithContent/Binaries/Win64/UE4Editor-DatasmithContent.dll (API version 3944462).
LogModuleManager: Display: Found up-to-date module file ../../../Engine/Plugins/Experimental/AlembicImporter/Binaries/Win64/UE4Editor-AlembicImporter.dll (API version 3944462).
LogModuleManager: Display: Found up-to-date module file ../../../Engine/Plugins/Experimental/AlembicImporter/Binaries/Win64/UE4Editor-AlembicLibrary.dll (API version 3944462).
LogModuleManager: Display: Found up-to-date module file ../../../Engine/Plugins/Experimental/CharacterAI/Binaries/Win64/UE4Editor-CharacterAI.dll (API version 3944462).
LogModuleManager: Display: Found up-to-date module file ../../../Engine/Plugins/Experimental/HTML5Networking/Binaries/Win64/UE4Editor-HTML5Networking.dll (API version 3944462).
LogModuleManager: Display: Found up-to-date module file ../../../Engine/Plugins/Media/AndroidMedia/Binaries/Win64/UE4Editor-AndroidMediaEditor.dll (API version 3944462).
LogModuleManager: Display: Found up-to-date module file ../../../Engine/Plugins/Media/AndroidMedia/Binaries/Win64/UE4Editor-AndroidMediaFactory.dll (API version 3944462).
LogModuleManager: Display: Found up-to-date module file ../../../Engine/Plugins/Media/AvfMedia/Binaries/Win64/UE4Editor-AvfMediaEditor.dll (API version 3944462).
LogModuleManager: Display: Found up-to-date module file ../../../Engine/Plugins/Media/AvfMedia/Binaries/Win64/UE4Editor-AvfMediaFactory.dll (API version 3944462).
LogModuleManager: Display: Found up-to-date module file ../../../Engine/Plugins/Media/AvfMedia/Binaries/Win64/UE4Editor-AvfMediaFactory.dll (API version 3944462).
LogModuleManager: Display: Found up-to-date module file ../../../Engine/Plugins/Media/ImgMedia/Binaries/Win64/UE4Editor-ImgMedia.dll (API version 3944462).
LogModuleManager: Display: Found up-to-date module file ../../../Engine/Plugins/Media/ImgMedia/Binaries/Win64/UE4Editor-ImgMediaEditor.dll (API version 3944462).
LogModuleManager: Display: Found up-to-date module file ../../../Engine/Plugins/Media/ImgMedia/Binaries/Win64/UE4Editor-ImgMediaFactory.dll (API version 3944462).
LogModuleManager: Display: Found up-to-date module file ../../../Engine/Plugins/Media/ImgMedia/Binaries/Win64/UE4Editor-ImgMediaFactory.dll (API version 3944462).
LogModuleManager: Display: Found up-to-date module file ../../../Engine/Plugins/Media/ImgMedia/Binaries/Win64/UE4Editor-OpenExrWrapper.dll (API version 3944462).
LogModuleManager: Display: Found up-to-date module file ../../../Engine/Plugins/Media/LinearTimecode/Binaries/Win64/UE4Editor-LinearTimecode.dll (API version 3944462).
LogModuleManager: Display: Found up-to-date module file ../../../Engine/Plugins/Media/MediaCompositing/Binaries/Win64/UE4Editor-MediaCompositing.dll (API version 3944462).
LogModuleManager: Display: Found up-to-date module file ../../../Engine/Plugins/Media/MediaCompositing/Binaries/Win64/UE4Editor-MediaCompositingEditor.dll (API version 3944462).
LogModuleManager: Display: Found up-to-date module file ../../../Engine/Plugins/Media/MediaPlayerEditor/Binaries/Win64/UE4Editor-MediaPlayerEditor.dll (API version 3944462).
LogModuleManager: Display: Found up-to-date module file ../../../Engine/Plugins/Media/WmfMedia/Binaries/Win64/UE4Editor-WmfMedia.dll (API version 3944462).
LogModuleManager: Display: Found up-to-date module file ../../../Engine/Plugins/Media/WmfMedia/Binaries/Win64/UE4Editor-WmfMediaEditor.dll (API version 3944462).
LogModuleManager: Display: Found up-to-date module file ../../../Engine/Plugins/Media/WmfMedia/Binaries/Win64/UE4Editor-WmfMediaFactory.dll (API version 3944462).
LogModuleManager: Display: Found up-to-date module file ../../../Engine/Plugins/Media/WmfMedia/Binaries/Win64/UE4Editor-WmfMediaFactory.dll (API version 3944462).
LogModuleManager: Display: Found up-to-date module file ../../../Engine/Plugins/Messaging/TcpMessaging/Binaries/Win64/UE4Editor-TcpMessaging.dll (API version 3944462).
LogModuleManager: Display: Found up-to-date module file ../../../Engine/Plugins/Messaging/UdpMessaging/Binaries/Win64/UE4Editor-UdpMessaging.dll (API version 3944462).
LogModuleManager: Display: Found up-to-date module file ../../../Engine/Plugins/MovieScene/ActorSequence/Binaries/Win64/UE4Editor-ActorSequence.dll (API version 3944462).
LogModuleManager: Display: Found up-to-date module file ../../../Engine/Plugins/MovieScene/LevelSequenceEditor/Binaries/Win64/UE4Editor-LevelSequenceEditor.dll (API version 3944462).
LogModuleManager: Display: Found up-to-date module file ../../../Engine/Plugins/MovieScene/MatineeToLevelSequence/Binaries/Win64/UE4Editor-MatineeToLevelSequence.dll (API version 3944462).
LogModuleManager: Display: Found up-to-date module file ../../../Engine/Plugins/NetcodeUnitTest/NetcodeUnitTest/Binaries/Win64/UE4Editor-NetcodeUnitTest.dll (API version 3944462).
LogModuleManager: Display: Found up-to-date module file ../../../Engine/Plugins/NetcodeUnitTest/NUTUnrealEngine4/Binaries/Win64/UE4Editor-NUTUnrealEngine4.dll (API version 3944462).
LogModuleManager: Display: Found up-to-date module file ../../../Engine/Plugins/Online/OnlineSubsystem/Binaries/Win64/UE4Editor-OnlineSubsystem.dll (API version 3944462).
LogModuleManager: Display: Found up-to-date module file ../../../Engine/Plugins/Online/OnlineSubsystemNull/Binaries/Win64/UE4Editor-OnlineSubsystemNull.dll (API version 3944462).
LogModuleManager: Display: Found up-to-date module file ../../../Engine/Plugins/Online/OnlineSubsystemUtils/Binaries/Win64/UE4Editor-OnlineSubsystemUtils.dll (API version 3944462).
LogModuleManager: Display: Found up-to-date module file ../../../Engine/Plugins/Online/OnlineSubsystemUtils/Binaries/Win64/UE4Editor-OnlineBlueprintSupport.dll (API version 3944462).
LogModuleManager: Display: Found up-to-date module file ../../../Engine/Plugins/Runtime/AndroidDeviceProfileSelector/Binaries/Win64/UE4Editor-AndroidDeviceProfileSelector.dll (API version 3944462).
LogModuleManager: Display: Found up-to-date module file ../../../Engine/Plugins/Runtime/AndroidPermission/Binaries/Win64/UE4Editor-AndroidPermission.dll (API version 3944462).
LogModuleManager: Display: Found up-to-date module file ../../../Engine/Plugins/Runtime/AppleARKit/Binaries/Win64/UE4Editor-AppleARKit.dll (API version 3944462).
LogModuleManager: Display: Found up-to-date module file ../../../Engine/Plugins/Runtime/ArchVisCharacter/Binaries/Win64/UE4Editor-ArchVisCharacter.dll (API version 3944462).
LogModuleManager: Display: Found up-to-date module file ../../../Engine/Plugins/Runtime/AudioCapture/Binaries/Win64/UE4Editor-AudioCapture.dll (API version 3944462).
LogModuleManager: Display: Found up-to-date module file ../../../Engine/Plugins/Runtime/AudioCapture/Binaries/Win64/UE4Editor-AudioCaptureEditor.dll (API version 3944462).
LogModuleManager: Display: Found up-to-date module file ../../../Engine/Plugins/Runtime/CableComponent/Binaries/Win64/UE4Editor-CableComponent.dll (API version 3944462).
LogModuleManager: Display: Found up-to-date module file ../../../Engine/Plugins/Runtime/CustomMeshComponent/Binaries/Win64/UE4Editor-CustomMeshComponent.dll (API version 3944462).
LogModuleManager: Display: Found up-to-date module file ../../../Engine/Plugins/Runtime/ExampleDeviceProfileSelector/Binaries/Win64/UE4Editor-ExampleDeviceProfileSelector.dll (API version 3944462).
LogModuleManager: Display: Found up-to-date module file ../../../Engine/Plugins/Runtime/ImmediatePhysics/Binaries/Win64/UE4Editor-ImmediatePhysics.dll (API version 3944462).
LogModuleManager: Display: Found up-to-date module file ../../../Engine/Plugins/Runtime/ImmediatePhysics/Binaries/Win64/UE4Editor-ImmediatePhysicsEditor.dll (API version 3944462).
LogModuleManager: Display: Found up-to-date module file ../../../Engine/Plugins/Runtime/LocationServicesBPLibrary/Binaries/Win64/UE4Editor-LocationServicesBPLibrary.dll (API version 3944462).
LogModuleManager: Display: Found up-to-date module file ../../../Engine/Plugins/Runtime/MobilePatchingUtils/Binaries/Win64/UE4Editor-MobilePatchingUtils.dll (API version 3944462).
LogModuleManager: Display: Found up-to-date module file ../../../Engine/Plugins/Runtime/Oculus/OculusVR/Binaries/Win64/UE4Editor-OculusHMD.dll (API version 3944462).
LogModuleManager: Display: Found up-to-date module file ../../../Engine/Plugins/Runtime/Oculus/OculusVR/Binaries/Win64/UE4Editor-OculusInput.dll (API version 3944462).
LogModuleManager: Display: Found up-to-date module file ../../../Engine/Plugins/Runtime/Oculus/OculusVR/Binaries/Win64/UE4Editor-OculusEditor.dll (API version 3944462).
LogModuleManager: Display: Found up-to-date module file ../../../Engine/Plugins/Runtime/PhysXVehicles/Binaries/Win64/UE4Editor-PhysXVehicles.dll (API version 3944462).
LogModuleManager: Display: Found up-to-date module file ../../../Engine/Plugins/Runtime/PhysXVehicles/Binaries/Win64/UE4Editor-PhysXVehiclesEditor.dll (API version 3944462).
LogModuleManager: Display: Found up-to-date module file ../../../Engine/Plugins/Runtime/ProceduralMeshComponent/Binaries/Win64/UE4Editor-ProceduralMeshComponent.dll (API version 3944462).
LogModuleManager: Display: Found up-to-date module file ../../../Engine/Plugins/Runtime/ProceduralMeshComponent/Binaries/Win64/UE4Editor-ProceduralMeshComponentEditor.dll (API version 3944462).
LogModuleManager: Display: Found up-to-date module file ../../../Engine/Plugins/Runtime/RuntimePhysXCooking/Binaries/Win64/UE4Editor-RuntimePhysXCooking.dll (API version 3944462).
LogModuleManager: Display: Found up-to-date module file ../../../Engine/Plugins/Runtime/Steam/SteamVR/Binaries/Win64/UE4Editor-SteamVR.dll (API version 3944462).
LogModuleManager: Display: Found up-to-date module file ../../../Engine/Plugins/Runtime/Steam/SteamVR/Binaries/Win64/UE4Editor-SteamVRController.dll (API version 3944462).
LogModuleManager: Display: Found up-to-date module file ../../../Engine/Plugins/Runtime/WindowsMoviePlayer/Binaries/Win64/UE4Editor-WindowsMoviePlayer.dll (API version 3944462).
LogInit: Using libcurl 7.47.1
LogInit:  - built for x86_64-pc-win32
LogInit:  - supports SSL with OpenSSL/1.0.2g
LogInit:  - supports HTTP deflate (compression) using libz 1.2.8
LogInit:  - other features:
LogInit:      CURL_VERSION_SSL
LogInit:      CURL_VERSION_LIBZ
LogInit:      CURL_VERSION_IPV6
LogInit:      CURL_VERSION_ASYNCHDNS
LogInit:      CURL_VERSION_LARGEFILE
LogInit:      CURL_VERSION_IDN
LogInit:  CurlRequestOptions (configurable via config and command line):
LogInit:  - bVerifyPeer = false  - Libcurl will NOT verify peer certificate
LogInit:  - bUseHttpProxy = false  - Libcurl will NOT use HTTP proxy
LogInit:  - bDontReuseConnections = false  - Libcurl will reuse connections
LogInit:  - CertBundlePath = nullptr  - Libcurl will use whatever was configured at build time.
LogInit:  - MaxHostConnections = 16  - Libcurl will limit the number of connections to a host
LogInit:  - LocalHostAddr = Default
LogInit: WinSock: version 1.1 (2.2), MaxSocks=32767, MaxUdp=65467
LogInit: WinSock: I am DESKTOP-0HJOURE (192.168.1.209:0)
LogInit: Build: ++UE4+Release-4.19-CL-4033788
LogInit: Engine Version: 4.19.2-4033788+++UE4+Release-4.19
LogInit: Compatible Engine Version: 4.19.0-3944462+++UE4+Release-4.19
LogInit: Net CL: 3944462
LogDevObjectVersion: Number of dev versions registered: 18
LogDevObjectVersion:   Dev-Blueprints (B0D832E4-1F89-4F0D-ACCF-7EB736FD4AA2): 10
LogDevObjectVersion:   Dev-Build (E1C64328-A22C-4D53-A36C-8E866417BD8C): 0
LogDevObjectVersion:   Dev-Core (375EC13C-06E4-48FB-B500-84F0262A717E): 2
LogDevObjectVersion:   Dev-Editor (E4B068ED-F494-42E9-A231-DA0B2E46BB41): 23
LogDevObjectVersion:   Dev-Framework (CFFC743F-43B0-4480-9391-14DF171D2073): 33
LogDevObjectVersion:   Dev-Mobile (B02B49B5-BB20-44E9-A304-32B752E40360): 2
LogDevObjectVersion:   Dev-Networking (A4E4105C-59A1-49B5-A7C5-40C4547EDFEE): 0
LogDevObjectVersion:   Dev-Online (39C831C9-5AE6-47DC-9A44-9C173E1C8E7C): 0
LogDevObjectVersion:   Dev-Physics (78F01B33-EBEA-4F98-B9B4-84EACCB95AA2): 0
LogDevObjectVersion:   Dev-Platform (6631380F-2D4D-43E0-8009-CF276956A95A): 0
LogDevObjectVersion:   Dev-Rendering (12F88B9F-8875-4AFC-A67C-D90C383ABD29): 25
LogDevObjectVersion:   Dev-Sequencer (7B5AE74C-D270-4C10-A958-57980B212A5A): 6
LogDevObjectVersion:   Dev-VR (D7296918-1DD6-4BDD-9DE2-64A83CC13884): 1
LogDevObjectVersion:   Dev-LoadTimes (C2A15278-BFE7-4AFE-6C17-90FF531DF755): 1
LogDevObjectVersion:   Private-Geometry (6EACA3D4-40EC-4CC1-B786-8BED09428FC5): 2
LogDevObjectVersion:   Dev-AnimPhys (29E575DD-E0A3-4627-9D10-D276232CDCEA): 16
LogDevObjectVersion:   Dev-ReflectionCapture (6B266CEC-1EC7-4B8F-A30B-E4D90942FC07): 1
LogDevObjectVersion:   Dev-Automation (0DF73D61-A23F-47EA-B727-89E90C41499A): 1
LogInit: Compiled (64-bit): Apr 27 2018 02:06:57
LogInit: Compiled with Visual C++: 19.00.24215.01
LogInit: Build Configuration: Development
LogInit: Branch Name: ++UE4+Release-4.19
LogInit: Command Line: 
LogInit: Base Directory: D:/Tools/UE_4.19/Engine/Binaries/Win64/
LogInit: Installed Engine Build: 1
LogStreaming: Display: Took  0.012s to delete old logs.
LogInit: Presizing for max 8388607 objects, including 0 objects not considered by GC, pre-allocating 0 bytes for permanent pool.
LogInit: Object subsystem initialized
[2019.04.27-12.13.14:698][  0]LogInit: Selected Device Profile: [Windows]
[2019.04.27-12.13.14:699][  0]LogInit: Applying CVar settings loaded from the selected device profile: [Windows]
[2019.04.27-12.13.14:747][  0]LogInit: Computer: DESKTOP-0HJOURE
[2019.04.27-12.13.14:747][  0]LogInit: User: joshu
[2019.04.27-12.13.14:747][  0]LogInit: CPU Page size=4096, Cores=8
[2019.04.27-12.13.14:747][  0]LogInit: High frequency timer resolution =3.509035 MHz
[2019.04.27-12.13.14:747][  0]LogMemory: Memory total: Physical=15.9GB (16GB approx)
[2019.04.27-12.13.14:747][  0]LogMemory: Platform Memory Stats for Windows
[2019.04.27-12.13.14:747][  0]LogMemory: Process Physical Memory: 275.12 MB used, 275.12 MB peak
[2019.04.27-12.13.14:747][  0]LogMemory: Process Virtual Memory: 272.44 MB used, 272.44 MB peak
[2019.04.27-12.13.14:747][  0]LogMemory: Physical Memory: 8692.24 MB used,  7621.35 MB free, 16313.59 MB total
[2019.04.27-12.13.14:747][  0]LogMemory: Virtual Memory: 4829.20 MB used,  7621.35 MB free, 134217728.00 MB total
[2019.04.27-12.13.14:768][  0]LogInit: Using OS detected language (en-GB).
[2019.04.27-12.13.14:768][  0]LogInit: Using OS detected locale (en-GB).
[2019.04.27-12.13.14:774][  0]LogTextLocalizationManager: No specific localization for 'en-GB' exists, so the 'en' localization will be used.
[2019.04.27-12.13.15:227][  0]LogStreaming: Display: Took  0.459s to EndInitTextLocalization.
[2019.04.27-12.13.15:228][  0]LogInit: Setting process to per monitor DPI aware
[2019.04.27-12.13.15:256][  0]LogSlate: New Slate User Created.  User Index 0, Is Virtual User: 0
[2019.04.27-12.13.15:256][  0]LogSlate: Slate User Registered.  User Index 0, Is Virtual User: 0
[2019.04.27-12.13.15:546][  0]LogD3D11RHI: D3D11 adapters:
[2019.04.27-12.13.15:625][  0]LogD3D11RHI:    0. 'NVIDIA GeForce GTX 1080 Ti' (Feature Level 11_0)
[2019.04.27-12.13.15:625][  0]LogD3D11RHI:       11127/0/8156 MB DedicatedVideo/DedicatedSystem/SharedSystem, Outputs:1, VendorId:0x10de
[2019.04.27-12.13.15:627][  0]LogD3D11RHI:    1. 'Microsoft Basic Render Driver' (Feature Level 11_0)
[2019.04.27-12.13.15:627][  0]LogD3D11RHI:       0/0/8156 MB DedicatedVideo/DedicatedSystem/SharedSystem, Outputs:0, VendorId:0x1414
[2019.04.27-12.13.15:627][  0]LogD3D11RHI: Chosen D3D11 Adapter: 0
[2019.04.27-12.13.15:637][  0]LogD3D11RHI: Creating new Direct3DDevice
[2019.04.27-12.13.15:637][  0]LogD3D11RHI:     GPU DeviceId: 0x1b06 (for the marketing name, search the web for "GPU Device Id")
[2019.04.27-12.13.15:637][  0]LogWindows: EnumDisplayDevices:
[2019.04.27-12.13.15:637][  0]LogWindows:    0. 'NVIDIA GeForce GTX 1080 Ti' (P:1 D:1)
[2019.04.27-12.13.15:637][  0]LogWindows:    1. 'NVIDIA GeForce GTX 1080 Ti' (P:0 D:0)
[2019.04.27-12.13.15:637][  0]LogWindows:    2. 'NVIDIA GeForce GTX 1080 Ti' (P:0 D:0)
[2019.04.27-12.13.15:637][  0]LogWindows:    3. 'NVIDIA GeForce GTX 1080 Ti' (P:0 D:0)
[2019.04.27-12.13.15:638][  0]LogWindows: DebugString: GetVideoDriverDetailsInvalid PrimaryIsNotTheChoosenAdapter GetVideoDriverDetailsInvalid PrimaryIsNotTheChoosenAdapter GetVideoDriverDetailsInvalid PrimaryIsNotTheChoosenAdapter GetVideoDriverDetailsInvalid PrimaryIsNotTheChoosenAdapter FoundDriverCount:0 
[2019.04.27-12.13.15:638][  0]LogD3D11RHI:     Adapter Name: NVIDIA GeForce GTX 1080 Ti
[2019.04.27-12.13.15:638][  0]LogD3D11RHI:   Driver Version: Unknown (internal:Unknown, unified:Unknown)
[2019.04.27-12.13.15:638][  0]LogD3D11RHI:      Driver Date: Unknown
[2019.04.27-12.13.15:638][  0]LogRHI: Texture pool is 7788 MB (70% of 11127 MB)
[2019.04.27-12.13.15:690][  0]LogD3D11RHI: [Aftermath] Aftermath enabled and primed
[2019.04.27-12.13.15:690][  0]LogD3D11RHI: [Aftermath] Aftermath enabled and primed
[2019.04.27-12.13.15:690][  0]LogD3D11RHI: Async texture creation enabled
[2019.04.27-12.13.15:713][  0]LogD3D11RHI: GPU Timing Frequency: 1000.000000 (Debug: 2 1)
[2019.04.27-12.13.15:715][  0]LogShaderCompilers: Guid format shader working directory is -9 characters bigger than the processId version (../../../../../University/Year 2/BA2b/Repository/Team9/Intermediate/Shaders/WorkingDirectory/18164/).
[2019.04.27-12.13.15:715][  0]LogShaderCompilers: Cleaned the shader compiler working directory 'C:/Users/joshu/AppData/Local/Temp/UnrealShaderWorkingDir/D10DB6084AB46D38DD625585E5E73E4D/'.
[2019.04.27-12.13.15:926][  0]LogTemp: Display: Loaded TP AllDesktopTargetPlatform
[2019.04.27-12.13.15:942][  0]LogTemp: Display: Loaded TP MacClientTargetPlatform
[2019.04.27-12.13.15:958][  0]LogTemp: Display: Loaded TP MacNoEditorTargetPlatform
[2019.04.27-12.13.15:975][  0]LogTemp: Display: Loaded TP MacServerTargetPlatform
[2019.04.27-12.13.15:991][  0]LogTemp: Display: Loaded TP MacTargetPlatform
[2019.04.27-12.13.16:008][  0]LogTemp: Display: Loaded TP WindowsClientTargetPlatform
[2019.04.27-12.13.16:024][  0]LogTemp: Display: Loaded TP WindowsNoEditorTargetPlatform
[2019.04.27-12.13.16:041][  0]LogTemp: Display: Loaded TP WindowsServerTargetPlatform
[2019.04.27-12.13.16:049][  0]LogTemp: Display: Loaded TP WindowsTargetPlatform
[2019.04.27-12.13.16:064][  0]LogTemp: Display: Loaded TP Android_ASTCTargetPlatform
[2019.04.27-12.13.16:079][  0]LogTemp: Display: Loaded TP Android_ATCTargetPlatform
[2019.04.27-12.13.16:094][  0]LogTemp: Display: Loaded TP Android_DXTTargetPlatform
[2019.04.27-12.13.16:109][  0]LogTemp: Display: Loaded TP Android_ETC1aTargetPlatform
[2019.04.27-12.13.16:125][  0]LogTemp: Display: Loaded TP Android_ETC1TargetPlatform
[2019.04.27-12.13.16:139][  0]LogTemp: Display: Loaded TP Android_ETC2TargetPlatform
[2019.04.27-12.13.16:170][  0]LogTemp: Display: Loaded TP Android_MultiTargetPlatform
[2019.04.27-12.13.16:170][  0]LogTemp: Display: Loaded TP Android_PVRTCTargetPlatform
[2019.04.27-12.13.16:186][  0]LogTemp: Display: Loaded TP AndroidTargetPlatform
[2019.04.27-12.13.16:188][  0]LogTemp: Display: Loaded TP HTML5TargetPlatform
[2019.04.27-12.13.16:227][  0]LogTemp: Display: Loaded TP IOSTargetPlatform
[2019.04.27-12.13.16:243][  0]LogTemp: Display: Loaded TP TVOSTargetPlatform
[2019.04.27-12.13.16:258][  0]LogTemp: Display: Loaded TP LinuxClientTargetPlatform
[2019.04.27-12.13.16:275][  0]LogTemp: Display: Loaded TP LinuxNoEditorTargetPlatform
[2019.04.27-12.13.16:291][  0]LogTemp: Display: Loaded TP LinuxServerTargetPlatform
[2019.04.27-12.13.16:307][  0]LogTemp: Display: Loaded TP LinuxTargetPlatform
[2019.04.27-12.13.16:307][  0]LogTargetPlatformManager: Display: Building Assets For Windows
[2019.04.27-12.13.16:437][  0]LogXGEController: Cannot use XGE Controller as Incredibuild is not installed on this machine.
[2019.04.27-12.13.16:437][  0]LogShaderCompilers: Cannot use XGE Shader Compiler as Incredibuild is not installed on this machine.
[2019.04.27-12.13.16:437][  0]LogShaderCompilers: Display: Using Local Shader Compiler.
[2019.04.27-12.13.17:089][  0]LogDerivedDataCache: Display: Max Cache Size: 512 MB
[2019.04.27-12.13.17:167][  0]LogDerivedDataCache: Loaded boot cache 0.08s 74MB C:/Users/joshu/AppData/Local/UnrealEngine/4.19/DerivedDataCache/Boot.ddc.
[2019.04.27-12.13.17:167][  0]LogDerivedDataCache: Display: Loaded Boot cache: C:/Users/joshu/AppData/Local/UnrealEngine/4.19/DerivedDataCache/Boot.ddc
[2019.04.27-12.13.17:167][  0]LogDerivedDataCache: FDerivedDataBackendGraph:  Pak pak cache file ../../../../../University/Year 2/BA2b/Repository/Team9/DerivedDataCache/DDC.ddp not found, will not use a pak cache.
[2019.04.27-12.13.17:167][  0]LogDerivedDataCache: Unable to find inner node Pak for hierarchical cache Hierarchy.
[2019.04.27-12.13.17:167][  0]LogDerivedDataCache: FDerivedDataBackendGraph:  CompressedPak pak cache file ../../../../../University/Year 2/BA2b/Repository/Team9/DerivedDataCache/Compressed.ddp not found, will not use a pak cache.
[2019.04.27-12.13.17:167][  0]LogDerivedDataCache: Unable to find inner node CompressedPak for hierarchical cache Hierarchy.
[2019.04.27-12.13.17:186][  0]LogDerivedDataCache: Display: Pak cache opened for reading ../../../Engine/DerivedDataCache/Compressed.ddp.
[2019.04.27-12.13.17:197][  0]LogDerivedDataCache: Using Local data cache path C:/Users/joshu/AppData/Local/UnrealEngine/Common/DerivedDataCache: Writable
[2019.04.27-12.13.17:197][  0]LogDerivedDataCache: Shared data cache path not found in *engine.ini, will not use an Shared cache.
[2019.04.27-12.13.17:197][  0]LogDerivedDataCache: Unable to find inner node Shared for hierarchical cache Hierarchy.
[2019.04.27-12.13.17:210][  0]LogMaterial: Verifying Global Shaders for PCD3D_SM5
[2019.04.27-12.13.17:211][  0]LogSlate: Using Freetype 2.6.0
[2019.04.27-12.13.17:211][  0]LogSlate: SlateFontCache - WITH_FREETYPE: 1, WITH_HARFBUZZ: 1
[2019.04.27-12.13.17:212][  0]LogSlate: SlateFontCache - WITH_FREETYPE: 1, WITH_HARFBUZZ: 1
[2019.04.27-12.13.17:363][  0]LogAssetRegistry: FAssetRegistry took 0.0271 seconds to start up
[2019.04.27-12.13.17:708][  0]LogInit: Selected Device Profile: [Windows]
[2019.04.27-12.13.17:852][  0]LogSimplygon: Simplygon DLL not present - disabling.
[2019.04.27-12.13.17:854][  0]LogMeshReduction: Using SimplygonSwarm for distributed automatic mesh merging
[2019.04.27-12.13.17:854][  0]LogMeshReduction: Using QuadricMeshReduction for automatic static mesh reduction
[2019.04.27-12.13.17:854][  0]LogMeshReduction: No automatic skeletal mesh reduction module available
[2019.04.27-12.13.17:854][  0]LogMeshReduction: No automatic mesh merging module available
[2019.04.27-12.13.17:854][  0]LogMeshMerging: No automatic mesh merging module available
[2019.04.27-12.13.17:894][  0]LogNetVersion: BloodGame , NetCL: 3944462, EngineNetVer: 2, GameNetVer: 0 (Checksum: 3703113264)
[2019.04.27-12.13.18:457][  0]LogPackageLocalizationCache: Processed 9 localized package path(s) for 2 prioritized culture(s) in 0.123716 seconds
[2019.04.27-12.13.18:463][  0]LogUObjectArray: 36728 objects as part of root set at end of initial load.
[2019.04.27-12.13.18:463][  0]LogUObjectAllocator: 7314312 out of 0 bytes used by permanent object pool.
[2019.04.27-12.13.18:463][  0]LogUObjectArray: CloseDisregardForGC: 0/0 objects in disregard for GC pool
[2019.04.27-12.13.20:386][  0]LogTcpMessaging: Initializing TcpMessaging bridge
[2019.04.27-12.13.20:421][  0]LogUdpMessaging: Initializing bridge on interface 0.0.0.0:0 to multicast group 230.0.0.1:6666.
[2019.04.27-12.13.20:974][  0]SourceControl: Source control is disabled
[2019.04.27-12.13.20:974][  0]SourceControl: Source control is disabled
[2019.04.27-12.13.20:997][  0]SourceControl: Source control is disabled
[2019.04.27-12.13.21:022][  0]SourceControl: Source control is disabled
[2019.04.27-12.13.21:629][  0]LogAndroidPermission: UAndroidPermissionCallbackProxy::GetInstance
[2019.04.27-12.13.21:828][  0]LogOcInput: OculusInput pre-init called
[2019.04.27-12.13.21:965][  0]LogEngine: Initializing Engine...
[2019.04.27-12.13.22:002][  0]LogHMD: Failed to initialize OpenVR with code 126
[2019.04.27-12.13.22:004][  0]LogStats: UGameplayTagsManager::ConstructGameplayTagTree: Construct from data asset -  0.000 s
[2019.04.27-12.13.22:004][  0]LogStats: UGameplayTagsManager::ConstructGameplayTagTree: GameplayTagTreeChangedEvent.Broadcast -  0.000 s
[2019.04.27-12.13.22:304][  0]LogAIModule: Creating AISystem for world Untitled
[2019.04.27-12.13.22:350][  0]LogInit: XAudio2 using 'Speakers (2- Logitech G933 Gaming Headset)' : 6 channels at 48 kHz using 16 bits per sample (channel mask 0x3f)
[2019.04.27-12.13.22:368][  0]LogInit: FAudioDevice initialized.
[2019.04.27-12.13.22:466][  0]LogDerivedDataCache: Saved boot cache 0.10s 74MB C:/Users/joshu/AppData/Local/UnrealEngine/4.19/DerivedDataCache/Boot.ddc.
[2019.04.27-12.13.22:515][  0]LogInit: Texture streaming: Enabled
[2019.04.27-12.13.22:535][  0]LogEngineSessionManager: EngineSessionManager initialized
[2019.04.27-12.13.22:585][  0]LogInit: Transaction tracking system initialized
[2019.04.27-12.13.22:607][  0]BlueprintLog: New page: Editor Load
[2019.04.27-12.13.22:685][  0]LocalizationService: Localization service is disabled
[2019.04.27-12.13.22:802][  0]LogConsoleResponse: Display: 
[2019.04.27-12.13.23:045][  0]LogCook: Display: Max memory allowance for cook 16384mb min free memory 0mb
[2019.04.27-12.13.23:045][  0]LogCook: Display: Mobile HDR setting 1
[2019.04.27-12.13.23:046][  0]LogGameplayTags: Display: UGameplayTagsManager::DoneAddingNativeTags. DelegateIsBound: 0
[2019.04.27-12.13.23:046][  0]LogStats: UGameplayTagsManager::ConstructGameplayTagTree: Construct from data asset -  0.000 s
[2019.04.27-12.13.23:046][  0]LogStats: UGameplayTagsManager::ConstructGameplayTagTree: GameplayTagTreeChangedEvent.Broadcast -  0.000 s
[2019.04.27-12.13.23:509][  0]LogFileCache: Scanning file cache for directory 'D:/University/Year 2/BA2b/Repository/Team9/Content/' took 0.03s
[2019.04.27-12.13.23:509][  0]SourceControl: Source control is disabled
[2019.04.27-12.13.23:510][  0]Cmd: MAP LOAD FILE="../../../../../University/Year 2/BA2b/Repository/Team9/Content/2DSideScrollerBP/Maps/2DSideScrollerExampleMap.umap" TEMPLATE=0 SHOWPROGRESS=1 FEATURELEVEL=3
[2019.04.27-12.13.23:565][  0]LightingResults: New page: Lighting Build
[2019.04.27-12.13.23:567][  0]MapCheck: New page: Map Check
[2019.04.27-12.13.23:567][  0]LightingResults: New page: Lighting Build
[2019.04.27-12.13.24:557][  0]LogUObjectGlobals: Created PersistentFrame Addr=0x0000023b8589fd80, Size=624, Default__Player_Blueprint_C Function /Game/2DSideScrollerBP/Blueprints/Player_Blueprint.Player_Blueprint_C:ExecuteUbergraph_Player_Blueprint
[2019.04.27-12.13.24:616][  0]LogUObjectGlobals: Destroyed PersistentFrame Addr=0x0000023b8589fd80, Size=624
[2019.04.27-12.13.24:616][  0]LogUObjectGlobals: Created PersistentFrame Addr=0x0000023b8589fd80, Size=624, Default__Player_Blueprint_C Function /Engine/Transient.REINST_Player_Blueprint_C_12:ExecuteUbergraph_Player_Blueprint
[2019.04.27-12.13.24:710][  0]LogUObjectGlobals: Created PersistentFrame Addr=0x0000023b85cafb00, Size=624, Default__Player_Blueprint_C Function /Game/2DSideScrollerBP/Blueprints/Player_Blueprint.Player_Blueprint_C:ExecuteUbergraph_Player_Blueprint
[2019.04.27-12.13.24:715][  0]LogUObjectGlobals: Created PersistentFrame Addr=0x0000023b85cc3800, Size=488, Default__BP_JetTube_C Function /Game/2DSideScrollerBP/Blueprints/BP_JetTube.BP_JetTube_C:ExecuteUbergraph_BP_JetTube
[2019.04.27-12.13.24:721][  0]LogUObjectGlobals: Destroyed PersistentFrame Addr=0x0000023b85cc3800, Size=488
[2019.04.27-12.13.24:721][  0]LogUObjectGlobals: Created PersistentFrame Addr=0x0000023b85cc3800, Size=488, Default__BP_JetTube_C Function /Engine/Transient.REINST_BP_JetTube_C_14:ExecuteUbergraph_BP_JetTube
[2019.04.27-12.13.24:728][  0]LogUObjectGlobals: Created PersistentFrame Addr=0x0000023b85cc1a00, Size=488, Default__BP_JetTube_C Function /Game/2DSideScrollerBP/Blueprints/BP_JetTube.BP_JetTube_C:ExecuteUbergraph_BP_JetTube
[2019.04.27-12.13.24:883][  0]LogUObjectGlobals: Created PersistentFrame Addr=0x0000023b85c47d00, Size=232, Default__GoalTemp_Blueprint_C Function /Game/2DSideScrollerBP/Blueprints/GoalTemp_Blueprint.GoalTemp_Blueprint_C:ExecuteUbergraph_GoalTemp_Blueprint
[2019.04.27-12.13.24:887][  0]LogUObjectGlobals: Destroyed PersistentFrame Addr=0x0000023b85c47d00, Size=232
[2019.04.27-12.13.24:887][  0]LogUObjectGlobals: Created PersistentFrame Addr=0x0000023b85c47d00, Size=232, Default__GoalTemp_Blueprint_C Function /Engine/Transient.REINST_GoalTemp_Blueprint_C_16:ExecuteUbergraph_GoalTemp_Blueprint
[2019.04.27-12.13.24:890][  0]LogUObjectGlobals: Created PersistentFrame Addr=0x0000023b858f0800, Size=232, Default__GoalTemp_Blueprint_C Function /Game/2DSideScrollerBP/Blueprints/GoalTemp_Blueprint.GoalTemp_Blueprint_C:ExecuteUbergraph_GoalTemp_Blueprint
[2019.04.27-12.13.25:011][  0]LogUObjectGlobals: Created PersistentFrame Addr=0x0000023b8589dd00, Size=544, Default__WhiteCellSpawnerAndCommunicator_Blueprint_C Function /Game/2DSideScrollerBP/Blueprints/WhiteCellSpawnerAndCommunicator_Blueprint.WhiteCellSpawnerAndCommunicator_Blueprint_C:ExecuteUbergraph_WhiteCellSpawnerAndCommunicator_Blueprint
[2019.04.27-12.13.25:037][  0]LogUObjectGlobals: Destroyed PersistentFrame Addr=0x0000023b8589dd00, Size=544
[2019.04.27-12.13.25:037][  0]LogUObjectGlobals: Created PersistentFrame Addr=0x0000023b8589dd00, Size=544, Default__WhiteCellSpawnerAndCommunicator_Blueprint_C Function /Engine/Transient.REINST_WhiteCellSpawnerAndCommunicator_Blueprint_C_18:ExecuteUbergraph_WhiteCellSpawnerAndCommunicator_Blueprint
[2019.04.27-12.13.25:055][  0]LogUObjectGlobals: Created PersistentFrame Addr=0x0000023b85b77880, Size=544, Default__WhiteCellSpawnerAndCommunicator_Blueprint_C Function /Game/2DSideScrollerBP/Blueprints/WhiteCellSpawnerAndCommunicator_Blueprint.WhiteCellSpawnerAndCommunicator_Blueprint_C:ExecuteUbergraph_WhiteCellSpawnerAndCommunicator_Blueprint
[2019.04.27-12.13.25:535][  0]LogUObjectGlobals: Created PersistentFrame Addr=0x0000023b81bf5188, Size=4, Default__2DSideScrollerExampleMap_C Function /Game/2DSideScrollerBP/Maps/2DSideScrollerExampleMap.2DSideScrollerExampleMap_C:ExecuteUbergraph_2DSideScrollerExampleMap
[2019.04.27-12.13.25:558][  0]LogUObjectGlobals: Destroyed PersistentFrame Addr=0x0000023b81bf5188, Size=4
[2019.04.27-12.13.25:558][  0]LogUObjectGlobals: Created PersistentFrame Addr=0x0000023b81bf5188, Size=4, Default__2DSideScrollerExampleMap_C Function /Engine/Transient.REINST_2DSideScrollerExampleMap_C_20:ExecuteUbergraph_2DSideScrollerExampleMap
[2019.04.27-12.13.25:573][  0]LogUObjectGlobals: Created PersistentFrame Addr=0x0000023b81bf49e0, Size=4, Default__2DSideScrollerExampleMap_C Function /Game/2DSideScrollerBP/Maps/2DSideScrollerExampleMap.2DSideScrollerExampleMap_C:ExecuteUbergraph_2DSideScrollerExampleMap
[2019.04.27-12.13.26:601][  0]LogAIModule: Creating AISystem for world 2DSideScrollerExampleMap
[2019.04.27-12.13.26:759][  0]LogMaterial: Warning: Material /Game/StarterContent/Materials/M_Basic_Wall.M_Basic_Wall needed to have new flag set bUsedWithInstancedStaticMeshes !
[2019.04.27-12.13.26:764][  0]LogMaterial: Missing cached shader map for material M_Basic_Wall, compiling. 
[2019.04.27-12.13.26:941][  0]LogShaderCompilers: Display: Shaders left to compile 61
[2019.04.27-12.13.26:941][  0]LogShaderCompilers: Display: Shaders left to compile 51
[2019.04.27-12.13.26:941][  0]LogShaderCompilers: Display: Shaders left to compile 41
[2019.04.27-12.13.26:941][  0]LogShaderCompilers: Display: Shaders left to compile 31
[2019.04.27-12.13.26:941][  0]LogShaderCompilers: Display: Shaders left to compile 21
[2019.04.27-12.13.26:941][  0]LogShaderCompilers: Display: Shaders left to compile 11
[2019.04.27-12.13.26:941][  0]LogShaderCompilers: Display: Shaders left to compile 1
[2019.04.27-12.13.26:941][  0]MapCheck: Warning: M_Basic_Wall Material /Game/StarterContent/Materials/M_Basic_Wall.M_Basic_Wall was missing the usage flag bUsedWithInstancedStaticMeshes. If the material asset is not re-saved, it may not render correctly when run outside the editor. Fix
[2019.04.27-12.13.27:345][  0]LogEditorServer: Finished looking for orphan Actors (0.000 secs)
[2019.04.27-12.13.27:441][  0]LogUObjectGlobals: Destroyed PersistentFrame Addr=0x0000023b8589fd80, Size=624
[2019.04.27-12.13.27:441][  0]LogUObjectGlobals: Destroyed PersistentFrame Addr=0x0000023b85cc3800, Size=488
[2019.04.27-12.13.27:441][  0]LogUObjectGlobals: Destroyed PersistentFrame Addr=0x0000023b85c47d00, Size=232
[2019.04.27-12.13.27:441][  0]LogUObjectGlobals: Destroyed PersistentFrame Addr=0x0000023b8589dd00, Size=544
[2019.04.27-12.13.27:441][  0]LogUObjectGlobals: Destroyed PersistentFrame Addr=0x0000023b81bf5188, Size=4
[2019.04.27-12.13.27:470][  0]Cmd: MAP CHECKDEP NOCLEARLOG
[2019.04.27-12.13.27:547][  0]MapCheck: Map check complete: 0 Error(s), 1 Warning(s), took 77.329ms to complete.
[2019.04.27-12.13.27:766][  0]LogFileHelpers: Loading map '2DSideScrollerExampleMap' took 4.257
[2019.04.27-12.13.28:809][  0]LogCollectionManager: Loaded 0 collections in 0.001465 seconds
[2019.04.27-12.13.28:984][  0]LogFileCache: Scanning file cache for directory 'D:/University/Year 2/BA2b/Repository/Team9/Saved/Collections/' took 0.01s
[2019.04.27-12.13.28:984][  0]LogFileCache: Scanning file cache for directory 'D:/University/Year 2/BA2b/Repository/Team9/Content/Developers/joshu/Collections/' took 0.01s
[2019.04.27-12.13.28:984][  0]LogFileCache: Scanning file cache for directory 'D:/University/Year 2/BA2b/Repository/Team9/Content/Collections/' took 0.01s
[2019.04.27-12.13.28:984][  0]LogCollectionManager: Rebuilt the GUID cache for 0 collections in 0.000001 seconds
[2019.04.27-12.13.29:005][  0]LogContentBrowser: Native class hierarchy populated in 0.0187 seconds. Added 2460 classes and 560 folders.
[2019.04.27-12.13.29:246][  0]LogContentBrowser: Native class hierarchy updated for 'WidgetCarousel' in 0.0013 seconds. Added 0 classes and 0 folders.
[2019.04.27-12.13.30:656][  0]LogContentBrowser: Native class hierarchy updated for 'AddContentDialog' in 0.0018 seconds. Added 0 classes and 0 folders.
[2019.04.27-12.13.30:736][  0]LogContentBrowser: Native class hierarchy updated for 'SceneOutliner' in 0.0026 seconds. Added 1 classes and 2 folders.
[2019.04.27-12.13.31:726][  0]LogSlate: Took 0.000435 seconds to synchronously load lazily loaded font '../../../Engine/Content/Slate/Fonts/Roboto-Regular.ttf' (155K)
[2019.04.27-12.13.31:729][  0]LogSlate: Took 0.000407 seconds to synchronously load lazily loaded font '../../../Engine/Content/Slate/Fonts/Roboto-Bold.ttf' (160K)
[2019.04.27-12.13.31:821][  0]LogSlate: Took 0.017400 seconds to synchronously load lazily loaded font '../../../Engine/Content/Editor/Slate/Fonts/FontAwesome.ttf' (139K)
[2019.04.27-12.13.32:296][  0]LogRenderer: Reallocating scene render targets to support 1208x576 Format 10 NumSamples 1 (Frame:1).
[2019.04.27-12.13.32:969][  0]LogContentBrowser: Native class hierarchy updated for 'HierarchicalLODOutliner' in 0.0011 seconds. Added 0 classes and 0 folders.
[2019.04.27-12.13.32:970][  0]LogLoad: (Engine Initialization) Total time: 23.19 seconds
[2019.04.27-12.13.32:970][  0]LogLoad: (Engine Initialization) Total Blueprint compile time: 0.00 seconds
[2019.04.27-12.13.33:338][  0]LogContentStreaming: Texture pool size now 1000 MB
[2019.04.27-12.13.33:537][  0]LogSlate: Took 0.019707 seconds to synchronously load lazily loaded font '../../../Engine/Content/Slate/Fonts/Roboto-Light.ttf' (167K)
[2019.04.27-12.13.33:983][  2]LogAssetRegistry: Asset discovery search completed in 16.6420 seconds
[2019.04.27-12.13.33:985][  2]LogCollectionManager: Rebuilt the object cache for 0 collections in 0.000000 seconds (found 0 objects)
[2019.04.27-12.13.33:985][  2]LogCollectionManager: Fixed up redirectors for 0 collections in 0.000051 seconds (updated 0 objects)
[2019.04.27-12.23.44:092][ 46]LogSlate: FSceneViewport::OnFocusLost() reason 0
[2019.04.27-12.23.44:155][ 53]LogTemp: Repeating last play command: Selected Viewport
[2019.04.27-12.23.44:183][ 53]LogBlueprintUserMessages: Early PlayInEditor Detection: Level '/Game/2DSideScrollerBP/Maps/2DSideScrollerExampleMap.2DSideScrollerExampleMap:PersistentLevel' has LevelScriptBlueprint '/Game/2DSideScrollerBP/Maps/2DSideScrollerExampleMap.2DSideScrollerExampleMap:PersistentLevel.2DSideScrollerExampleMap' with GeneratedClass '/Game/2DSideScrollerBP/Maps/2DSideScrollerExampleMap.2DSideScrollerExampleMap_C' with ClassGeneratedBy '/Game/2DSideScrollerBP/Maps/2DSideScrollerExampleMap.2DSideScrollerExampleMap:PersistentLevel.2DSideScrollerExampleMap'
[2019.04.27-12.23.44:203][ 53]LogPlayLevel: PlayLevel: No blueprints needed recompiling
[2019.04.27-12.23.44:318][ 53]PIE: New page: PIE session: 2DSideScrollerExampleMap (27 Apr 2019 14:23:44)
[2019.04.27-12.23.44:318][ 53]LogPlayLevel: Creating play world package: /Game/2DSideScrollerBP/Maps/UEDPIE_0_2DSideScrollerExampleMap
[2019.04.27-12.23.44:455][ 53]LogPlayLevel: PIE: StaticDuplicateObject took: (0.135878s)
[2019.04.27-12.23.44:456][ 53]LogAIModule: Creating AISystem for world 2DSideScrollerExampleMap
[2019.04.27-12.23.44:467][ 53]LogPlayLevel: PIE: World Init took: (0.012122s)
[2019.04.27-12.23.44:468][ 53]LogPlayLevel: PIE: Created PIE world by copying editor world from /Game/2DSideScrollerBP/Maps/2DSideScrollerExampleMap.2DSideScrollerExampleMap to /Game/2DSideScrollerBP/Maps/UEDPIE_0_2DSideScrollerExampleMap.2DSideScrollerExampleMap (0.148715s)
[2019.04.27-12.23.44:505][ 53]LogInit: XAudio2 using 'Speakers (2- Logitech G933 Gaming Headset)' : 6 channels at 48 kHz using 16 bits per sample (channel mask 0x3f)
[2019.04.27-12.23.44:517][ 53]LogInit: FAudioDevice initialized.
[2019.04.27-12.23.44:584][ 53]LogLinker: Warning: Can't find file '/Game/2DSideScrollerBP/GameMode_BP'
[2019.04.27-12.23.44:584][ 53]LogLinker: Warning: Can't find file '/Game/2DSideScrollerBP/GameMode_BP'
[2019.04.27-12.23.44:584][ 53]LogUObjectGlobals: Warning: Failed to find object 'Class /Game/2DSideScrollerBP/GameMode_BP.GameMode_BP_C'
[2019.04.27-12.23.44:584][ 53]LogLoad: Game class is 'GameModeBase'
[2019.04.27-12.23.44:721][ 53]LogWorld: Bringing World /Game/2DSideScrollerBP/Maps/UEDPIE_0_2DSideScrollerExampleMap.2DSideScrollerExampleMap up for play (max tick rate 0) at 2019.04.27-13.23.44
[2019.04.27-12.23.44:849][ 53]LogWorld: Bringing up level for play took: 0.167245
[2019.04.27-12.23.44:918][ 53]LogContentBrowser: Native class hierarchy updated for 'MovieSceneCapture' in 0.0012 seconds. Added 11 classes and 0 folders.
[2019.04.27-12.23.44:944][ 53]PIE: Play in editor start time for /Game/2DSideScrollerBP/Maps/UEDPIE_0_2DSideScrollerExampleMap 0.868
[2019.04.27-12.23.44:944][ 53]LogBlueprintUserMessages: Late PlayInEditor Detection: Level '/Game/2DSideScrollerBP/Maps/2DSideScrollerExampleMap.2DSideScrollerExampleMap:PersistentLevel' has LevelScriptBlueprint '/Game/2DSideScrollerBP/Maps/2DSideScrollerExampleMap.2DSideScrollerExampleMap:PersistentLevel.2DSideScrollerExampleMap' with GeneratedClass '/Game/2DSideScrollerBP/Maps/2DSideScrollerExampleMap.2DSideScrollerExampleMap_C' with ClassGeneratedBy '/Game/2DSideScrollerBP/Maps/2DSideScrollerExampleMap.2DSideScrollerExampleMap:PersistentLevel.2DSideScrollerExampleMap'
[2019.04.27-12.23.53:537][461]LogBlueprintUserMessages: Early EndPlayMap Detection: Level '/Game/2DSideScrollerBP/Maps/2DSideScrollerExampleMap.2DSideScrollerExampleMap:PersistentLevel' has LevelScriptBlueprint '/Game/2DSideScrollerBP/Maps/2DSideScrollerExampleMap.2DSideScrollerExampleMap:PersistentLevel.2DSideScrollerExampleMap' with GeneratedClass '/Game/2DSideScrollerBP/Maps/2DSideScrollerExampleMap.2DSideScrollerExampleMap_C' with ClassGeneratedBy '/Game/2DSideScrollerBP/Maps/2DSideScrollerExampleMap.2DSideScrollerExampleMap:PersistentLevel.2DSideScrollerExampleMap'
[2019.04.27-12.23.53:647][461]LogBlueprintUserMessages: Late EndPlayMap Detection: Level '/Game/2DSideScrollerBP/Maps/2DSideScrollerExampleMap.2DSideScrollerExampleMap:PersistentLevel' has LevelScriptBlueprint '/Game/2DSideScrollerBP/Maps/2DSideScrollerExampleMap.2DSideScrollerExampleMap:PersistentLevel.2DSideScrollerExampleMap' with GeneratedClass '/Game/2DSideScrollerBP/Maps/2DSideScrollerExampleMap.2DSideScrollerExampleMap_C' with ClassGeneratedBy '/Game/2DSideScrollerBP/Maps/2DSideScrollerExampleMap.2DSideScrollerExampleMap:PersistentLevel.2DSideScrollerExampleMap'
[2019.04.27-12.24.14:144][734]LogSlate: FSceneViewport::OnFocusLost() reason 0
[2019.04.27-12.24.20:093][377]LogEditorViewport: Clicking on Actor (LMB): Middle2_block1_C (Middle2_block1)
[2019.04.27-12.24.20:505][380]LogEditorViewport: Clicking on Actor (LMB): Middle2_block1_C (Middle2_block1)
[2019.04.27-12.24.22:972][588]LogSlate: FSceneViewport::OnFocusLost() reason 0
[2019.04.27-12.24.23:211][604]LogSlate: Took 0.000409 seconds to synchronously load lazily loaded font '../../../Engine/Content/Slate/Fonts/Roboto-Light.ttf' (167K)
[2019.04.27-12.24.23:973][604]LogContentBrowser: Native class hierarchy updated for 'BlueprintGraph' in 0.0018 seconds. Added 116 classes and 0 folders.
[2019.04.27-12.24.24:569][604]LogUObjectGlobals: Created PersistentFrame Addr=0x0000023c0638e030, Size=4, Default__SKEL_PROTO_BP_AnimBlueprint_0_C Function /Engine/Transient.SKEL_PROTO_BP_AnimBlueprint_0_C:ExecuteUbergraph_PROTO_BP_AnimBlueprint_0
[2019.04.27-12.24.24:570][604]LogUObjectGlobals: Created PersistentFrame Addr=0x0000023c0638e028, Size=4, Default__PROTO_BP_AnimBlueprint_0_C Function /Engine/Transient.PROTO_BP_AnimBlueprint_0_C:ExecuteUbergraph_PROTO_BP_AnimBlueprint_0
[2019.04.27-12.24.25:703][604]LogSlate: Took 0.014203 seconds to synchronously load lazily loaded font '../../../Engine/Content/Slate/Fonts/Roboto-BoldCondensed.ttf' (158K)
[2019.04.27-12.24.31:865][858]LogSlate: FSceneViewport::OnFocusLost() reason 0
[2019.04.27-12.24.32:010][867]LogSlate: Window 'Middle3_block2' being destroyed
[2019.04.27-12.24.56:508][962]LogSlate: FSceneViewport::OnFocusLost() reason 0
[2019.04.27-12.24.56:605][968]BlueprintLog: New page: Compile Middle2_block1
[2019.04.27-12.25.06:595][359]LogSlate: FSceneViewport::OnFocusLost() reason 0
[2019.04.27-12.25.16:453][496]LogSlate: Window 'Middle2_block1*' being destroyed
[2019.04.27-12.25.31:374][444]LogSlate: FSceneViewport::OnFocusLost() reason 0
[2019.04.27-12.25.31:464][450]BlueprintLog: New page: Compile Middle1_block
[2019.04.27-12.25.43:700][ 54]LogSlate: FSceneViewport::OnFocusLost() reason 0
[2019.04.27-12.25.43:761][ 58]BlueprintLog: New page: Compile Middle1_block
[2019.04.27-12.25.45:576][170]LogEditorViewport: Clicking on Actor (LMB): Middle2_block1_C (Middle2_block1)
[2019.04.27-12.25.45:898][199]LogEditorViewport: Clicking Background
[2019.04.27-12.25.50:108][669]LogEditorViewport: Clicking Background
[2019.04.27-12.25.50:267][683]LogSlate: FSceneViewport::OnFocusLost() reason 0
[2019.04.27-12.25.50:386][696]LogTemp: Repeating last play command: Selected Viewport
[2019.04.27-12.25.50:410][696]LogBlueprintUserMessages: Early PlayInEditor Detection: Level '/Game/2DSideScrollerBP/Maps/2DSideScrollerExampleMap.2DSideScrollerExampleMap:PersistentLevel' has LevelScriptBlueprint '/Game/2DSideScrollerBP/Maps/2DSideScrollerExampleMap.2DSideScrollerExampleMap:PersistentLevel.2DSideScrollerExampleMap' with GeneratedClass '/Game/2DSideScrollerBP/Maps/2DSideScrollerExampleMap.2DSideScrollerExampleMap_C' with ClassGeneratedBy '/Game/2DSideScrollerBP/Maps/2DSideScrollerExampleMap.2DSideScrollerExampleMap:PersistentLevel.2DSideScrollerExampleMap'
[2019.04.27-12.25.50:410][696]LogPlayLevel: PlayLevel: No blueprints needed recompiling
[2019.04.27-12.25.50:410][696]PIE: New page: PIE session: 2DSideScrollerExampleMap (27 Apr 2019 14:25:50)
[2019.04.27-12.25.50:410][696]LogPlayLevel: Creating play world package: /Game/2DSideScrollerBP/Maps/UEDPIE_0_2DSideScrollerExampleMap
[2019.04.27-12.25.50:466][696]LogPlayLevel: PIE: StaticDuplicateObject took: (0.056359s)
[2019.04.27-12.25.50:467][696]LogAIModule: Creating AISystem for world 2DSideScrollerExampleMap
[2019.04.27-12.25.50:467][696]LogPlayLevel: PIE: World Init took: (0.000836s)
[2019.04.27-12.25.50:467][696]LogPlayLevel: PIE: Created PIE world by copying editor world from /Game/2DSideScrollerBP/Maps/2DSideScrollerExampleMap.2DSideScrollerExampleMap to /Game/2DSideScrollerBP/Maps/UEDPIE_0_2DSideScrollerExampleMap.2DSideScrollerExampleMap (0.057469s)
[2019.04.27-12.25.50:491][696]LogInit: XAudio2 using 'Speakers (2- Logitech G933 Gaming Headset)' : 6 channels at 48 kHz using 16 bits per sample (channel mask 0x3f)
[2019.04.27-12.25.50:504][696]LogInit: FAudioDevice initialized.
[2019.04.27-12.25.50:537][696]LogLoad: Game class is 'GameModeBase'
[2019.04.27-12.25.50:565][696]LogWorld: Bringing World /Game/2DSideScrollerBP/Maps/UEDPIE_0_2DSideScrollerExampleMap.2DSideScrollerExampleMap up for play (max tick rate 0) at 2019.04.27-13.25.50
[2019.04.27-12.25.50:573][696]LogWorld: Bringing up level for play took: 0.035617
[2019.04.27-12.25.50:575][696]PIE: Play in editor start time for /Game/2DSideScrollerBP/Maps/UEDPIE_0_2DSideScrollerExampleMap 0.499
[2019.04.27-12.25.50:576][696]LogBlueprintUserMessages: Late PlayInEditor Detection: Level '/Game/2DSideScrollerBP/Maps/2DSideScrollerExampleMap.2DSideScrollerExampleMap:PersistentLevel' has LevelScriptBlueprint '/Game/2DSideScrollerBP/Maps/2DSideScrollerExampleMap.2DSideScrollerExampleMap:PersistentLevel.2DSideScrollerExampleMap' with GeneratedClass '/Game/2DSideScrollerBP/Maps/2DSideScrollerExampleMap.2DSideScrollerExampleMap_C' with ClassGeneratedBy '/Game/2DSideScrollerBP/Maps/2DSideScrollerExampleMap.2DSideScrollerExampleMap:PersistentLevel.2DSideScrollerExampleMap'
[2019.04.27-12.26.07:104][489]LogBlueprintUserMessages: Early EndPlayMap Detection: Level '/Game/2DSideScrollerBP/Maps/2DSideScrollerExampleMap.2DSideScrollerExampleMap:PersistentLevel' has LevelScriptBlueprint '/Game/2DSideScrollerBP/Maps/2DSideScrollerExampleMap.2DSideScrollerExampleMap:PersistentLevel.2DSideScrollerExampleMap' with GeneratedClass '/Game/2DSideScrollerBP/Maps/2DSideScrollerExampleMap.2DSideScrollerExampleMap_C' with ClassGeneratedBy '/Game/2DSideScrollerBP/Maps/2DSideScrollerExampleMap.2DSideScrollerExampleMap:PersistentLevel.2DSideScrollerExampleMap'
[2019.04.27-12.26.07:152][489]LogBlueprintUserMessages: Late EndPlayMap Detection: Level '/Game/2DSideScrollerBP/Maps/2DSideScrollerExampleMap.2DSideScrollerExampleMap:PersistentLevel' has LevelScriptBlueprint '/Game/2DSideScrollerBP/Maps/2DSideScrollerExampleMap.2DSideScrollerExampleMap:PersistentLevel.2DSideScrollerExampleMap' with GeneratedClass '/Game/2DSideScrollerBP/Maps/2DSideScrollerExampleMap.2DSideScrollerExampleMap_C' with ClassGeneratedBy '/Game/2DSideScrollerBP/Maps/2DSideScrollerExampleMap.2DSideScrollerExampleMap:PersistentLevel.2DSideScrollerExampleMap'
[2019.04.27-12.26.11:973][ 46]LogSlate: FSceneViewport::OnFocusLost() reason 2
[2019.04.27-12.26.12:900][124]LogSlate: FSceneViewport::OnFocusLost() reason 2
[2019.04.27-12.26.13:066][124]LogUObjectGlobals: Destroyed PersistentFrame Addr=0x0000023b81bf49e0, Size=4
[2019.04.27-12.26.13:066][124]LogUObjectGlobals: Created PersistentFrame Addr=0x0000023bf750ad50, Size=4, Default__2DSideScrollerExampleMap_C Function /Engine/Transient.REINST_2DSideScrollerExampleMap_C_48:ExecuteUbergraph_2DSideScrollerExampleMap
[2019.04.27-12.26.13:067][124]LogUObjectGlobals: Created PersistentFrame Addr=0x0000023bf7509db8, Size=4, Default__2DSideScrollerExampleMap_C Function /Game/2DSideScrollerBP/Maps/2DSideScrollerExampleMap.2DSideScrollerExampleMap_C:ExecuteUbergraph_2DSideScrollerExampleMap
[2019.04.27-12.26.14:048][124]LogSavePackage: Save=988.59ms
[2019.04.27-12.26.14:048][124]LogSavePackage: Moving '../../../../../University/Year 2/BA2b/Repository/Team9/Saved/2DSideScrollerExampleMapA6D05F3248ECC332CDC0DB9C30DE3CB0.tmp' to '../../../../../University/Year 2/BA2b/Repository/Team9/Content/2DSideScrollerBP/Maps/2DSideScrollerExampleMap.umap'
[2019.04.27-12.26.14:075][124]LogSavePackage: Display: Finished SavePackage ../../../../../University/Year 2/BA2b/Repository/Team9/Content/2DSideScrollerBP/Maps/2DSideScrollerExampleMap.umap
[2019.04.27-12.26.14:134][124]LogFileHelpers: Saving map '2DSideScrollerExampleMap' took 1.216
[2019.04.27-12.26.14:170][124]LogSavePackage: Save=20.82ms
[2019.04.27-12.26.14:170][124]LogSavePackage: Moving '../../../../../University/Year 2/BA2b/Repository/Team9/Saved/Middle1_block7E2D7A574EBD0F4069C66CB74AC7BBAD.tmp' to '../../../../../University/Year 2/BA2b/Repository/Team9/Content/2DSideScrollerBP/Assets/Sprites/Backgrounds/Middle1_block.uasset'
[2019.04.27-12.26.14:182][124]LogSavePackage: Display: Finished SavePackage ../../../../../University/Year 2/BA2b/Repository/Team9/Content/2DSideScrollerBP/Assets/Sprites/Backgrounds/Middle1_block.uasset
[2019.04.27-12.26.14:225][124]LogSavePackage: Save=19.30ms
[2019.04.27-12.26.14:225][124]LogSavePackage: Moving '../../../../../University/Year 2/BA2b/Repository/Team9/Saved/Middle2_block1E364B6904AD06F3F76DD83977773C600.tmp' to '../../../../../University/Year 2/BA2b/Repository/Team9/Content/2DSideScrollerBP/Assets/Sprites/Backgrounds/Middle2_block1.uasset'
[2019.04.27-12.26.14:229][124]LogSavePackage: Display: Finished SavePackage ../../../../../University/Year 2/BA2b/Repository/Team9/Content/2DSideScrollerBP/Assets/Sprites/Backgrounds/Middle2_block1.uasset
[2019.04.27-14.05.42:224][478]LogSlate: FSceneViewport::OnFocusLost() reason 0
[2019.04.27-14.05.42:301][486]LogTemp: Repeating last play command: Selected Viewport
[2019.04.27-14.05.42:343][486]LogBlueprintUserMessages: Early PlayInEditor Detection: Level '/Game/2DSideScrollerBP/Maps/2DSideScrollerExampleMap.2DSideScrollerExampleMap:PersistentLevel' has LevelScriptBlueprint '/Game/2DSideScrollerBP/Maps/2DSideScrollerExampleMap.2DSideScrollerExampleMap:PersistentLevel.2DSideScrollerExampleMap' with GeneratedClass '/Game/2DSideScrollerBP/Maps/2DSideScrollerExampleMap.2DSideScrollerExampleMap_C' with ClassGeneratedBy '/Game/2DSideScrollerBP/Maps/2DSideScrollerExampleMap.2DSideScrollerExampleMap:PersistentLevel.2DSideScrollerExampleMap'
[2019.04.27-14.05.42:345][486]LogPlayLevel: PlayLevel: No blueprints needed recompiling
[2019.04.27-14.05.42:346][486]PIE: New page: PIE session: 2DSideScrollerExampleMap (27 Apr 2019 16:05:42)
[2019.04.27-14.05.42:348][486]LogPlayLevel: Creating play world package: /Game/2DSideScrollerBP/Maps/UEDPIE_0_2DSideScrollerExampleMap
[2019.04.27-14.05.42:435][486]LogPlayLevel: PIE: StaticDuplicateObject took: (0.086697s)
[2019.04.27-14.05.42:438][486]LogAIModule: Creating AISystem for world 2DSideScrollerExampleMap
[2019.04.27-14.05.42:439][486]LogPlayLevel: PIE: World Init took: (0.005101s)
[2019.04.27-14.05.42:440][486]LogPlayLevel: PIE: Created PIE world by copying editor world from /Game/2DSideScrollerBP/Maps/2DSideScrollerExampleMap.2DSideScrollerExampleMap to /Game/2DSideScrollerBP/Maps/UEDPIE_0_2DSideScrollerExampleMap.2DSideScrollerExampleMap (0.093038s)
[2019.04.27-14.05.42:552][486]LogUObjectGlobals: Destroyed PersistentFrame Addr=0x0000023bf750ad50, Size=4
[2019.04.27-14.05.42:572][486]LogInit: XAudio2 using 'Speakers (2- Logitech G933 Gaming Headset)' : 6 channels at 48 kHz using 16 bits per sample (channel mask 0x3f)
[2019.04.27-14.05.42:587][486]LogInit: FAudioDevice initialized.
[2019.04.27-14.05.42:622][486]LogLoad: Game class is 'GameModeBase'
[2019.04.27-14.05.42:656][486]LogWorld: Bringing World /Game/2DSideScrollerBP/Maps/UEDPIE_0_2DSideScrollerExampleMap.2DSideScrollerExampleMap up for play (max tick rate 0) at 2019.04.27-15.05.42
[2019.04.27-14.05.42:662][486]LogWorld: Bringing up level for play took: 0.038916
[2019.04.27-14.05.42:666][486]PIE: Play in editor start time for /Game/2DSideScrollerBP/Maps/UEDPIE_0_2DSideScrollerExampleMap 0.59
[2019.04.27-14.05.42:667][486]LogBlueprintUserMessages: Late PlayInEditor Detection: Level '/Game/2DSideScrollerBP/Maps/2DSideScrollerExampleMap.2DSideScrollerExampleMap:PersistentLevel' has LevelScriptBlueprint '/Game/2DSideScrollerBP/Maps/2DSideScrollerExampleMap.2DSideScrollerExampleMap:PersistentLevel.2DSideScrollerExampleMap' with GeneratedClass '/Game/2DSideScrollerBP/Maps/2DSideScrollerExampleMap.2DSideScrollerExampleMap_C' with ClassGeneratedBy '/Game/2DSideScrollerBP/Maps/2DSideScrollerExampleMap.2DSideScrollerExampleMap:PersistentLevel.2DSideScrollerExampleMap'
[2019.04.27-14.05.47:477][ 50]LogBlueprintUserMessages: Early EndPlayMap Detection: Level '/Game/2DSideScrollerBP/Maps/2DSideScrollerExampleMap.2DSideScrollerExampleMap:PersistentLevel' has LevelScriptBlueprint '/Game/2DSideScrollerBP/Maps/2DSideScrollerExampleMap.2DSideScrollerExampleMap:PersistentLevel.2DSideScrollerExampleMap' with GeneratedClass '/Game/2DSideScrollerBP/Maps/2DSideScrollerExampleMap.2DSideScrollerExampleMap_C' with ClassGeneratedBy '/Game/2DSideScrollerBP/Maps/2DSideScrollerExampleMap.2DSideScrollerExampleMap:PersistentLevel.2DSideScrollerExampleMap'
[2019.04.27-14.05.47:534][ 50]LogBlueprintUserMessages: Late EndPlayMap Detection: Level '/Game/2DSideScrollerBP/Maps/2DSideScrollerExampleMap.2DSideScrollerExampleMap:PersistentLevel' has LevelScriptBlueprint '/Game/2DSideScrollerBP/Maps/2DSideScrollerExampleMap.2DSideScrollerExampleMap:PersistentLevel.2DSideScrollerExampleMap' with GeneratedClass '/Game/2DSideScrollerBP/Maps/2DSideScrollerExampleMap.2DSideScrollerExampleMap_C' with ClassGeneratedBy '/Game/2DSideScrollerBP/Maps/2DSideScrollerExampleMap.2DSideScrollerExampleMap:PersistentLevel.2DSideScrollerExampleMap'
[2019.04.27-14.05.48:097][103]LogSlate: FSceneViewport::OnFocusLost() reason 0
[2019.04.27-14.05.48:180][113]LogTemp: Repeating last play command: Selected Viewport
[2019.04.27-14.05.48:201][113]LogBlueprintUserMessages: Early PlayInEditor Detection: Level '/Game/2DSideScrollerBP/Maps/2DSideScrollerExampleMap.2DSideScrollerExampleMap:PersistentLevel' has LevelScriptBlueprint '/Game/2DSideScrollerBP/Maps/2DSideScrollerExampleMap.2DSideScrollerExampleMap:PersistentLevel.2DSideScrollerExampleMap' with GeneratedClass '/Game/2DSideScrollerBP/Maps/2DSideScrollerExampleMap.2DSideScrollerExampleMap_C' with ClassGeneratedBy '/Game/2DSideScrollerBP/Maps/2DSideScrollerExampleMap.2DSideScrollerExampleMap:PersistentLevel.2DSideScrollerExampleMap'
[2019.04.27-14.05.48:201][113]LogPlayLevel: PlayLevel: No blueprints needed recompiling
[2019.04.27-14.05.48:201][113]PIE: New page: PIE session: 2DSideScrollerExampleMap (27 Apr 2019 16:05:48)
[2019.04.27-14.05.48:201][113]LogPlayLevel: Creating play world package: /Game/2DSideScrollerBP/Maps/UEDPIE_0_2DSideScrollerExampleMap
[2019.04.27-14.05.48:254][113]LogPlayLevel: PIE: StaticDuplicateObject took: (0.052100s)
[2019.04.27-14.05.48:256][113]LogAIModule: Creating AISystem for world 2DSideScrollerExampleMap
[2019.04.27-14.05.48:256][113]LogPlayLevel: PIE: World Init took: (0.002012s)
[2019.04.27-14.05.48:256][113]LogPlayLevel: PIE: Created PIE world by copying editor world from /Game/2DSideScrollerBP/Maps/2DSideScrollerExampleMap.2DSideScrollerExampleMap to /Game/2DSideScrollerBP/Maps/UEDPIE_0_2DSideScrollerExampleMap.2DSideScrollerExampleMap (0.054389s)
[2019.04.27-14.05.48:281][113]LogInit: XAudio2 using 'Speakers (2- Logitech G933 Gaming Headset)' : 6 channels at 48 kHz using 16 bits per sample (channel mask 0x3f)
[2019.04.27-14.05.48:294][113]LogInit: FAudioDevice initialized.
[2019.04.27-14.05.48:334][113]LogLoad: Game class is 'GameModeBase'
[2019.04.27-14.05.48:361][113]LogWorld: Bringing World /Game/2DSideScrollerBP/Maps/UEDPIE_0_2DSideScrollerExampleMap.2DSideScrollerExampleMap up for play (max tick rate 0) at 2019.04.27-15.05.48
[2019.04.27-14.05.48:367][113]LogWorld: Bringing up level for play took: 0.033554
[2019.04.27-14.05.48:369][113]PIE: Play in editor start time for /Game/2DSideScrollerBP/Maps/UEDPIE_0_2DSideScrollerExampleMap 0.294
[2019.04.27-14.05.48:370][113]LogBlueprintUserMessages: Late PlayInEditor Detection: Level '/Game/2DSideScrollerBP/Maps/2DSideScrollerExampleMap.2DSideScrollerExampleMap:PersistentLevel' has LevelScriptBlueprint '/Game/2DSideScrollerBP/Maps/2DSideScrollerExampleMap.2DSideScrollerExampleMap:PersistentLevel.2DSideScrollerExampleMap' with GeneratedClass '/Game/2DSideScrollerBP/Maps/2DSideScrollerExampleMap.2DSideScrollerExampleMap_C' with ClassGeneratedBy '/Game/2DSideScrollerBP/Maps/2DSideScrollerExampleMap.2DSideScrollerExampleMap:PersistentLevel.2DSideScrollerExampleMap'
[2019.04.27-14.06.21:535][711]LogBlueprintUserMessages: Early EndPlayMap Detection: Level '/Game/2DSideScrollerBP/Maps/2DSideScrollerExampleMap.2DSideScrollerExampleMap:PersistentLevel' has LevelScriptBlueprint '/Game/2DSideScrollerBP/Maps/2DSideScrollerExampleMap.2DSideScrollerExampleMap:PersistentLevel.2DSideScrollerExampleMap' with GeneratedClass '/Game/2DSideScrollerBP/Maps/2DSideScrollerExampleMap.2DSideScrollerExampleMap_C' with ClassGeneratedBy '/Game/2DSideScrollerBP/Maps/2DSideScrollerExampleMap.2DSideScrollerExampleMap:PersistentLevel.2DSideScrollerExampleMap'
[2019.04.27-14.06.21:583][711]LogBlueprintUserMessages: Late EndPlayMap Detection: Level '/Game/2DSideScrollerBP/Maps/2DSideScrollerExampleMap.2DSideScrollerExampleMap:PersistentLevel' has LevelScriptBlueprint '/Game/2DSideScrollerBP/Maps/2DSideScrollerExampleMap.2DSideScrollerExampleMap:PersistentLevel.2DSideScrollerExampleMap' with GeneratedClass '/Game/2DSideScrollerBP/Maps/2DSideScrollerExampleMap.2DSideScrollerExampleMap_C' with ClassGeneratedBy '/Game/2DSideScrollerBP/Maps/2DSideScrollerExampleMap.2DSideScrollerExampleMap:PersistentLevel.2DSideScrollerExampleMap'
[2019.04.27-14.06.23:168][866]LogSlate: FSceneViewport::OnFocusLost() reason 0
[2019.04.27-16.32.16:842][143]LogSlate: FSceneViewport::OnFocusLost() reason 0
[2019.04.27-22.44.09:004][174]LogInit: XAudio2 using 'Speakers (Realtek High Definition Audio)' : 2 channels at 48 kHz using 32 bits per sample (channel mask 0x3)
